c:\users\michael.lojkovic\desktop\michaellojkovic_2d_gameengine\michaellojkovic_2d_gameengine\2d_gameengine\2d_gameengine\x64\debug\2d_gameengine.pch
c:\users\michael.lojkovic\desktop\michaellojkovic_2d_gameengine\michaellojkovic_2d_gameengine\2d_gameengine\2d_gameengine\x64\debug\vc120.pdb
c:\users\michael.lojkovic\desktop\michaellojkovic_2d_gameengine\michaellojkovic_2d_gameengine\2d_gameengine\2d_gameengine\x64\debug\vc120.idb
c:\users\michael.lojkovic\desktop\michaellojkovic_2d_gameengine\michaellojkovic_2d_gameengine\2d_gameengine\2d_gameengine\x64\debug\stdafx.obj
c:\users\michael.lojkovic\desktop\michaellojkovic_2d_gameengine\michaellojkovic_2d_gameengine\2d_gameengine\2d_gameengine\x64\debug\2d_gameengine.obj
c:\users\michael.lojkovic\desktop\michaellojkovic_2d_gameengine\michaellojkovic_2d_gameengine\2d_gameengine\2d_gameengine\x64\debug\input.obj
c:\users\michael.lojkovic\desktop\michaellojkovic_2d_gameengine\michaellojkovic_2d_gameengine\2d_gameengine\2d_gameengine\x64\debug\inputmanager.obj
c:\users\michael.lojkovic\desktop\michaellojkovic_2d_gameengine\michaellojkovic_2d_gameengine\2d_gameengine\2d_gameengine\x64\debug\layer.obj
c:\users\michael.lojkovic\desktop\michaellojkovic_2d_gameengine\michaellojkovic_2d_gameengine\2d_gameengine\2d_gameengine\x64\debug\movableresource.obj
c:\users\michael.lojkovic\desktop\michaellojkovic_2d_gameengine\michaellojkovic_2d_gameengine\2d_gameengine\2d_gameengine\x64\debug\quitgame.obj
c:\users\michael.lojkovic\desktop\michaellojkovic_2d_gameengine\michaellojkovic_2d_gameengine\2d_gameengine\2d_gameengine\x64\debug\renderableresource.obj
c:\users\michael.lojkovic\desktop\michaellojkovic_2d_gameengine\michaellojkovic_2d_gameengine\2d_gameengine\2d_gameengine\x64\debug\resource.obj
c:\users\michael.lojkovic\desktop\michaellojkovic_2d_gameengine\michaellojkovic_2d_gameengine\2d_gameengine\2d_gameengine\x64\debug\resourcemanager.obj
c:\users\michael.lojkovic\desktop\michaellojkovic_2d_gameengine\michaellojkovic_2d_gameengine\2d_gameengine\2d_gameengine\x64\debug\resourcesorting.obj
c:\users\michael.lojkovic\desktop\michaellojkovic_2d_gameengine\michaellojkovic_2d_gameengine\2d_gameengine\2d_gameengine\x64\debug\scene.obj
c:\users\michael.lojkovic\desktop\michaellojkovic_2d_gameengine\michaellojkovic_2d_gameengine\2d_gameengine\2d_gameengine\x64\debug\vector2d.obj
c:\users\michael.lojkovic\desktop\michaellojkovic_2d_gameengine\michaellojkovic_2d_gameengine\2d_gameengine\2d_gameengine\x64\debug\window.obj
c:\users\michael.lojkovic\desktop\michaellojkovic_2d_gameengine\michaellojkovic_2d_gameengine\2d_gameengine\x64\debug\2d_gameengine.ilk
c:\users\michael.lojkovic\desktop\michaellojkovic_2d_gameengine\michaellojkovic_2d_gameengine\2d_gameengine\x64\debug\2d_gameengine.exe
c:\users\michael.lojkovic\desktop\michaellojkovic_2d_gameengine\michaellojkovic_2d_gameengine\2d_gameengine\x64\debug\2d_gameengine.pdb
c:\users\michael.lojkovic\desktop\michaellojkovic_2d_gameengine\michaellojkovic_2d_gameengine\2d_gameengine\2d_gameengine\x64\debug\2d_gameengine.tlog\cl.command.1.tlog
c:\users\michael.lojkovic\desktop\michaellojkovic_2d_gameengine\michaellojkovic_2d_gameengine\2d_gameengine\2d_gameengine\x64\debug\2d_gameengine.tlog\cl.read.1.tlog
c:\users\michael.lojkovic\desktop\michaellojkovic_2d_gameengine\michaellojkovic_2d_gameengine\2d_gameengine\2d_gameengine\x64\debug\2d_gameengine.tlog\cl.write.1.tlog
c:\users\michael.lojkovic\desktop\michaellojkovic_2d_gameengine\michaellojkovic_2d_gameengine\2d_gameengine\2d_gameengine\x64\debug\2d_gameengine.tlog\link.command.1.tlog
c:\users\michael.lojkovic\desktop\michaellojkovic_2d_gameengine\michaellojkovic_2d_gameengine\2d_gameengine\2d_gameengine\x64\debug\2d_gameengine.tlog\link.read.1.tlog
c:\users\michael.lojkovic\desktop\michaellojkovic_2d_gameengine\michaellojkovic_2d_gameengine\2d_gameengine\2d_gameengine\x64\debug\2d_gameengine.tlog\link.write.1.tlog
